[06-Nov-2025 17:46:23 UTC] PHP Fatal error:  Uncaught TypeError: fetch_block(): Argument #1 ($iata) must be of type string, true given, called in /home/u695435470/domains/atiscsl.esy.es/public_html/timetable/api/avs.php on line 68 and defined in /home/u695435470/domains/atiscsl.esy.es/public_html/timetable/api/avs.php:40
Stack trace:
#0 /home/u695435470/domains/atiscsl.esy.es/public_html/timetable/api/avs.php(68): fetch_block()
#1 {main}
  thrown in /home/u695435470/domains/atiscsl.esy.es/public_html/timetable/api/avs.php on line 40
[06-Nov-2025 17:46:47 UTC] PHP Fatal error:  Uncaught TypeError: fetch_block(): Argument #1 ($iata) must be of type string, true given, called in /home/u695435470/domains/atiscsl.esy.es/public_html/timetable/api/avs.php on line 68 and defined in /home/u695435470/domains/atiscsl.esy.es/public_html/timetable/api/avs.php:40
Stack trace:
#0 /home/u695435470/domains/atiscsl.esy.es/public_html/timetable/api/avs.php(68): fetch_block()
#1 {main}
  thrown in /home/u695435470/domains/atiscsl.esy.es/public_html/timetable/api/avs.php on line 40
[06-Nov-2025 18:12:45 UTC] PHP Warning:  Undefined array key "type" in /home/u695435470/domains/atiscsl.esy.es/public_html/timetable/api/avs.php on line 26
[06-Nov-2025 18:17:20 UTC] PHP Warning:  Undefined array key "type" in /home/u695435470/domains/atiscsl.esy.es/public_html/timetable/api/avs.php on line 26
[06-Nov-2025 18:18:52 UTC] PHP Warning:  Undefined array key "type" in /home/u695435470/domains/atiscsl.esy.es/public_html/timetable/api/avs.php on line 26
[06-Nov-2025 18:18:59 UTC] PHP Warning:  Undefined array key "type" in /home/u695435470/domains/atiscsl.esy.es/public_html/timetable/api/avs.php on line 26
[06-Nov-2025 18:18:59 UTC] PHP Warning:  Undefined array key "type" in /home/u695435470/domains/atiscsl.esy.es/public_html/timetable/api/avs.php on line 26
[06-Nov-2025 18:19:07 UTC] PHP Warning:  Undefined array key "type" in /home/u695435470/domains/atiscsl.esy.es/public_html/timetable/api/avs.php on line 26
[06-Nov-2025 18:46:22 UTC] PHP Warning:  Undefined array key "type" in /home/u695435470/domains/atiscsl.esy.es/public_html/timetable/api/avs.php on line 26
[06-Nov-2025 18:46:23 UTC] PHP Warning:  Undefined array key "type" in /home/u695435470/domains/atiscsl.esy.es/public_html/timetable/api/avs.php on line 26
[06-Nov-2025 18:46:27 UTC] PHP Warning:  Undefined array key "type" in /home/u695435470/domains/atiscsl.esy.es/public_html/timetable/api/avs.php on line 26
[06-Nov-2025 18:46:27 UTC] PHP Warning:  Undefined array key "type" in /home/u695435470/domains/atiscsl.esy.es/public_html/timetable/api/avs.php on line 26
[06-Nov-2025 19:02:39 UTC] PHP Warning:  Undefined array key "type" in /home/u695435470/domains/atiscsl.esy.es/public_html/timetable/api/avs.php on line 26
[06-Nov-2025 19:03:52 UTC] PHP Warning:  Undefined array key "type" in /home/u695435470/domains/atiscsl.esy.es/public_html/timetable/api/avs.php on line 26
[06-Nov-2025 19:03:55 UTC] PHP Warning:  Undefined array key "type" in /home/u695435470/domains/atiscsl.esy.es/public_html/timetable/api/avs.php on line 26
[06-Nov-2025 19:03:55 UTC] PHP Warning:  Undefined array key "type" in /home/u695435470/domains/atiscsl.esy.es/public_html/timetable/api/avs.php on line 26
[06-Nov-2025 19:04:03 UTC] PHP Warning:  Undefined array key "type" in /home/u695435470/domains/atiscsl.esy.es/public_html/timetable/api/avs.php on line 26
[06-Nov-2025 19:04:14 UTC] PHP Warning:  Undefined array key "type" in /home/u695435470/domains/atiscsl.esy.es/public_html/timetable/api/avs.php on line 26
[06-Nov-2025 19:04:40 UTC] PHP Warning:  Undefined array key "type" in /home/u695435470/domains/atiscsl.esy.es/public_html/timetable/api/avs.php on line 26
[06-Nov-2025 19:04:40 UTC] PHP Warning:  Undefined array key "type" in /home/u695435470/domains/atiscsl.esy.es/public_html/timetable/api/avs.php on line 26
[06-Nov-2025 19:04:40 UTC] PHP Warning:  Undefined array key "type" in /home/u695435470/domains/atiscsl.esy.es/public_html/timetable/api/avs.php on line 26
[06-Nov-2025 19:04:40 UTC] PHP Warning:  Undefined array key "type" in /home/u695435470/domains/atiscsl.esy.es/public_html/timetable/api/avs.php on line 26
[06-Nov-2025 19:04:51 UTC] PHP Warning:  Undefined array key "type" in /home/u695435470/domains/atiscsl.esy.es/public_html/timetable/api/avs.php on line 26
[06-Nov-2025 19:04:53 UTC] PHP Warning:  Undefined array key "type" in /home/u695435470/domains/atiscsl.esy.es/public_html/timetable/api/avs.php on line 26
[06-Nov-2025 19:39:41 UTC] PHP Warning:  Undefined array key "type" in /home/u695435470/domains/atiscsl.esy.es/public_html/timetable/api/avs.php on line 26
[06-Nov-2025 19:40:28 UTC] PHP Warning:  Undefined array key "type" in /home/u695435470/domains/atiscsl.esy.es/public_html/timetable/api/avs.php on line 26
[06-Nov-2025 19:40:35 UTC] PHP Warning:  Undefined array key "type" in /home/u695435470/domains/atiscsl.esy.es/public_html/timetable/api/avs.php on line 26
[06-Nov-2025 19:40:35 UTC] PHP Warning:  Undefined array key "type" in /home/u695435470/domains/atiscsl.esy.es/public_html/timetable/api/avs.php on line 26
[10-Nov-2025 06:42:28 UTC] PHP Warning:  Undefined array key "type" in /home/u695435470/domains/atiscsl.esy.es/public_html/timetable/api/avs.php on line 26
[10-Nov-2025 06:42:48 UTC] PHP Warning:  Undefined array key "type" in /home/u695435470/domains/atiscsl.esy.es/public_html/timetable/api/avs.php on line 26
[10-Nov-2025 06:50:05 UTC] PHP Warning:  Undefined array key "type" in /home/u695435470/domains/atiscsl.esy.es/public_html/timetable/api/avs.php on line 26
[10-Nov-2025 06:53:39 UTC] PHP Warning:  Undefined array key "type" in /home/u695435470/domains/atiscsl.esy.es/public_html/timetable/api/avs.php on line 26
[10-Nov-2025 06:53:40 UTC] PHP Warning:  Undefined array key "type" in /home/u695435470/domains/atiscsl.esy.es/public_html/timetable/api/avs.php on line 26
[10-Nov-2025 06:54:37 UTC] PHP Warning:  Undefined array key "type" in /home/u695435470/domains/atiscsl.esy.es/public_html/timetable/api/avs.php on line 26
[10-Nov-2025 07:02:52 UTC] PHP Warning:  Undefined array key "type" in /home/u695435470/domains/atiscsl.esy.es/public_html/timetable/api/avs.php on line 26
[10-Nov-2025 09:30:32 UTC] PHP Warning:  Undefined array key "type" in /home/u695435470/domains/atiscsl.esy.es/public_html/timetable/api/avs.php on line 26
[10-Nov-2025 12:51:38 UTC] PHP Warning:  Undefined array key "type" in /home/u695435470/domains/atiscsl.esy.es/public_html/timetable/api/avs.php on line 26
[10-Nov-2025 18:36:37 UTC] PHP Warning:  Undefined array key "type" in /home/u695435470/domains/atiscsl.esy.es/public_html/timetable/api/avs.php on line 26
[10-Nov-2025 18:37:01 UTC] PHP Warning:  Undefined array key "type" in /home/u695435470/domains/atiscsl.esy.es/public_html/timetable/api/avs.php on line 26
[10-Nov-2025 22:23:17 UTC] PHP Warning:  Undefined array key "type" in /home/u695435470/domains/atiscsl.esy.es/public_html/timetable/api/avs.php on line 26
[11-Nov-2025 17:46:48 UTC] PHP Warning:  Undefined array key "type" in /home/u695435470/domains/atiscsl.esy.es/public_html/timetable/api/avs.php on line 26
[12-Nov-2025 21:51:46 UTC] PHP Warning:  require_once(/home/u695435470/domains/atiscsl.esy.es/public_html/mmtj_fog_unzip/lib/metar_multi.php): Failed to open stream: No such file or directory in /home/u695435470/domains/atiscsl.esy.es/public_html/timetable/api/departures.php on line 54
[12-Nov-2025 21:51:46 UTC] PHP Fatal error:  Uncaught Error: Failed opening required '/home/u695435470/domains/atiscsl.esy.es/public_html/mmtj_fog_unzip/lib/metar_multi.php' (include_path='.:/opt/alt/php84/usr/share/pear:/opt/alt/php84/usr/share/php:/usr/share/pear:/usr/share/php') in /home/u695435470/domains/atiscsl.esy.es/public_html/timetable/api/departures.php:54
Stack trace:
#0 {main}
  thrown in /home/u695435470/domains/atiscsl.esy.es/public_html/timetable/api/departures.php on line 54
[12-Nov-2025 21:52:36 UTC] PHP Warning:  require_once(/home/u695435470/domains/atiscsl.esy.es/public_html/mmtj_fog_unzip/lib/metar_multi.php): Failed to open stream: No such file or directory in /home/u695435470/domains/atiscsl.esy.es/public_html/timetable/api/departures.php on line 54
[12-Nov-2025 21:52:36 UTC] PHP Fatal error:  Uncaught Error: Failed opening required '/home/u695435470/domains/atiscsl.esy.es/public_html/mmtj_fog_unzip/lib/metar_multi.php' (include_path='.:/opt/alt/php84/usr/share/pear:/opt/alt/php84/usr/share/php:/usr/share/pear:/usr/share/php') in /home/u695435470/domains/atiscsl.esy.es/public_html/timetable/api/departures.php:54
Stack trace:
#0 {main}
  thrown in /home/u695435470/domains/atiscsl.esy.es/public_html/timetable/api/departures.php on line 54
[12-Nov-2025 21:52:43 UTC] PHP Warning:  require_once(/home/u695435470/domains/atiscsl.esy.es/public_html/mmtj_fog_unzip/lib/metar_multi.php): Failed to open stream: No such file or directory in /home/u695435470/domains/atiscsl.esy.es/public_html/timetable/api/departures.php on line 54
[12-Nov-2025 21:52:43 UTC] PHP Fatal error:  Uncaught Error: Failed opening required '/home/u695435470/domains/atiscsl.esy.es/public_html/mmtj_fog_unzip/lib/metar_multi.php' (include_path='.:/opt/alt/php84/usr/share/pear:/opt/alt/php84/usr/share/php:/usr/share/pear:/usr/share/php') in /home/u695435470/domains/atiscsl.esy.es/public_html/timetable/api/departures.php:54
Stack trace:
#0 {main}
  thrown in /home/u695435470/domains/atiscsl.esy.es/public_html/timetable/api/departures.php on line 54
[12-Nov-2025 21:52:45 UTC] PHP Warning:  require_once(/home/u695435470/domains/atiscsl.esy.es/public_html/mmtj_fog_unzip/lib/metar_multi.php): Failed to open stream: No such file or directory in /home/u695435470/domains/atiscsl.esy.es/public_html/timetable/api/departures.php on line 54
[12-Nov-2025 21:52:45 UTC] PHP Fatal error:  Uncaught Error: Failed opening required '/home/u695435470/domains/atiscsl.esy.es/public_html/mmtj_fog_unzip/lib/metar_multi.php' (include_path='.:/opt/alt/php84/usr/share/pear:/opt/alt/php84/usr/share/php:/usr/share/pear:/usr/share/php') in /home/u695435470/domains/atiscsl.esy.es/public_html/timetable/api/departures.php:54
Stack trace:
#0 {main}
  thrown in /home/u695435470/domains/atiscsl.esy.es/public_html/timetable/api/departures.php on line 54
[12-Nov-2025 21:52:46 UTC] PHP Warning:  require_once(/home/u695435470/domains/atiscsl.esy.es/public_html/mmtj_fog_unzip/lib/metar_multi.php): Failed to open stream: No such file or directory in /home/u695435470/domains/atiscsl.esy.es/public_html/timetable/api/departures.php on line 54
[12-Nov-2025 21:52:46 UTC] PHP Fatal error:  Uncaught Error: Failed opening required '/home/u695435470/domains/atiscsl.esy.es/public_html/mmtj_fog_unzip/lib/metar_multi.php' (include_path='.:/opt/alt/php84/usr/share/pear:/opt/alt/php84/usr/share/php:/usr/share/pear:/usr/share/php') in /home/u695435470/domains/atiscsl.esy.es/public_html/timetable/api/departures.php:54
Stack trace:
#0 {main}
  thrown in /home/u695435470/domains/atiscsl.esy.es/public_html/timetable/api/departures.php on line 54
[12-Nov-2025 21:52:46 UTC] PHP Warning:  require_once(/home/u695435470/domains/atiscsl.esy.es/public_html/mmtj_fog_unzip/lib/metar_multi.php): Failed to open stream: No such file or directory in /home/u695435470/domains/atiscsl.esy.es/public_html/timetable/api/departures.php on line 54
[12-Nov-2025 21:52:46 UTC] PHP Fatal error:  Uncaught Error: Failed opening required '/home/u695435470/domains/atiscsl.esy.es/public_html/mmtj_fog_unzip/lib/metar_multi.php' (include_path='.:/opt/alt/php84/usr/share/pear:/opt/alt/php84/usr/share/php:/usr/share/pear:/usr/share/php') in /home/u695435470/domains/atiscsl.esy.es/public_html/timetable/api/departures.php:54
Stack trace:
#0 {main}
  thrown in /home/u695435470/domains/atiscsl.esy.es/public_html/timetable/api/departures.php on line 54
[12-Nov-2025 21:52:46 UTC] PHP Warning:  require_once(/home/u695435470/domains/atiscsl.esy.es/public_html/mmtj_fog_unzip/lib/metar_multi.php): Failed to open stream: No such file or directory in /home/u695435470/domains/atiscsl.esy.es/public_html/timetable/api/departures.php on line 54
[12-Nov-2025 21:52:46 UTC] PHP Fatal error:  Uncaught Error: Failed opening required '/home/u695435470/domains/atiscsl.esy.es/public_html/mmtj_fog_unzip/lib/metar_multi.php' (include_path='.:/opt/alt/php84/usr/share/pear:/opt/alt/php84/usr/share/php:/usr/share/pear:/usr/share/php') in /home/u695435470/domains/atiscsl.esy.es/public_html/timetable/api/departures.php:54
Stack trace:
#0 {main}
  thrown in /home/u695435470/domains/atiscsl.esy.es/public_html/timetable/api/departures.php on line 54
[12-Nov-2025 21:52:46 UTC] PHP Warning:  require_once(/home/u695435470/domains/atiscsl.esy.es/public_html/mmtj_fog_unzip/lib/metar_multi.php): Failed to open stream: No such file or directory in /home/u695435470/domains/atiscsl.esy.es/public_html/timetable/api/departures.php on line 54
[12-Nov-2025 21:52:46 UTC] PHP Fatal error:  Uncaught Error: Failed opening required '/home/u695435470/domains/atiscsl.esy.es/public_html/mmtj_fog_unzip/lib/metar_multi.php' (include_path='.:/opt/alt/php84/usr/share/pear:/opt/alt/php84/usr/share/php:/usr/share/pear:/usr/share/php') in /home/u695435470/domains/atiscsl.esy.es/public_html/timetable/api/departures.php:54
Stack trace:
#0 {main}
  thrown in /home/u695435470/domains/atiscsl.esy.es/public_html/timetable/api/departures.php on line 54
[12-Nov-2025 21:52:51 UTC] PHP Warning:  require_once(/home/u695435470/domains/atiscsl.esy.es/public_html/mmtj_fog_unzip/lib/metar_multi.php): Failed to open stream: No such file or directory in /home/u695435470/domains/atiscsl.esy.es/public_html/timetable/api/departures.php on line 54
[12-Nov-2025 21:52:51 UTC] PHP Fatal error:  Uncaught Error: Failed opening required '/home/u695435470/domains/atiscsl.esy.es/public_html/mmtj_fog_unzip/lib/metar_multi.php' (include_path='.:/opt/alt/php84/usr/share/pear:/opt/alt/php84/usr/share/php:/usr/share/pear:/usr/share/php') in /home/u695435470/domains/atiscsl.esy.es/public_html/timetable/api/departures.php:54
Stack trace:
#0 {main}
  thrown in /home/u695435470/domains/atiscsl.esy.es/public_html/timetable/api/departures.php on line 54
[12-Nov-2025 21:52:51 UTC] PHP Warning:  require_once(/home/u695435470/domains/atiscsl.esy.es/public_html/mmtj_fog_unzip/lib/metar_multi.php): Failed to open stream: No such file or directory in /home/u695435470/domains/atiscsl.esy.es/public_html/timetable/api/departures.php on line 54
[12-Nov-2025 21:52:51 UTC] PHP Fatal error:  Uncaught Error: Failed opening required '/home/u695435470/domains/atiscsl.esy.es/public_html/mmtj_fog_unzip/lib/metar_multi.php' (include_path='.:/opt/alt/php84/usr/share/pear:/opt/alt/php84/usr/share/php:/usr/share/pear:/usr/share/php') in /home/u695435470/domains/atiscsl.esy.es/public_html/timetable/api/departures.php:54
Stack trace:
#0 {main}
  thrown in /home/u695435470/domains/atiscsl.esy.es/public_html/timetable/api/departures.php on line 54
[12-Nov-2025 21:52:51 UTC] PHP Warning:  require_once(/home/u695435470/domains/atiscsl.esy.es/public_html/mmtj_fog_unzip/lib/metar_multi.php): Failed to open stream: No such file or directory in /home/u695435470/domains/atiscsl.esy.es/public_html/timetable/api/departures.php on line 54
[12-Nov-2025 21:52:51 UTC] PHP Fatal error:  Uncaught Error: Failed opening required '/home/u695435470/domains/atiscsl.esy.es/public_html/mmtj_fog_unzip/lib/metar_multi.php' (include_path='.:/opt/alt/php84/usr/share/pear:/opt/alt/php84/usr/share/php:/usr/share/pear:/usr/share/php') in /home/u695435470/domains/atiscsl.esy.es/public_html/timetable/api/departures.php:54
Stack trace:
#0 {main}
  thrown in /home/u695435470/domains/atiscsl.esy.es/public_html/timetable/api/departures.php on line 54
[12-Nov-2025 21:52:51 UTC] PHP Warning:  require_once(/home/u695435470/domains/atiscsl.esy.es/public_html/mmtj_fog_unzip/lib/metar_multi.php): Failed to open stream: No such file or directory in /home/u695435470/domains/atiscsl.esy.es/public_html/timetable/api/departures.php on line 54
[12-Nov-2025 21:52:51 UTC] PHP Fatal error:  Uncaught Error: Failed opening required '/home/u695435470/domains/atiscsl.esy.es/public_html/mmtj_fog_unzip/lib/metar_multi.php' (include_path='.:/opt/alt/php84/usr/share/pear:/opt/alt/php84/usr/share/php:/usr/share/pear:/usr/share/php') in /home/u695435470/domains/atiscsl.esy.es/public_html/timetable/api/departures.php:54
Stack trace:
#0 {main}
  thrown in /home/u695435470/domains/atiscsl.esy.es/public_html/timetable/api/departures.php on line 54
[12-Nov-2025 21:52:51 UTC] PHP Warning:  require_once(/home/u695435470/domains/atiscsl.esy.es/public_html/mmtj_fog_unzip/lib/metar_multi.php): Failed to open stream: No such file or directory in /home/u695435470/domains/atiscsl.esy.es/public_html/timetable/api/departures.php on line 54
[12-Nov-2025 21:52:51 UTC] PHP Fatal error:  Uncaught Error: Failed opening required '/home/u695435470/domains/atiscsl.esy.es/public_html/mmtj_fog_unzip/lib/metar_multi.php' (include_path='.:/opt/alt/php84/usr/share/pear:/opt/alt/php84/usr/share/php:/usr/share/pear:/usr/share/php') in /home/u695435470/domains/atiscsl.esy.es/public_html/timetable/api/departures.php:54
Stack trace:
#0 {main}
  thrown in /home/u695435470/domains/atiscsl.esy.es/public_html/timetable/api/departures.php on line 54
[12-Nov-2025 21:52:52 UTC] PHP Warning:  require_once(/home/u695435470/domains/atiscsl.esy.es/public_html/mmtj_fog_unzip/lib/metar_multi.php): Failed to open stream: No such file or directory in /home/u695435470/domains/atiscsl.esy.es/public_html/timetable/api/departures.php on line 54
[12-Nov-2025 21:52:52 UTC] PHP Fatal error:  Uncaught Error: Failed opening required '/home/u695435470/domains/atiscsl.esy.es/public_html/mmtj_fog_unzip/lib/metar_multi.php' (include_path='.:/opt/alt/php84/usr/share/pear:/opt/alt/php84/usr/share/php:/usr/share/pear:/usr/share/php') in /home/u695435470/domains/atiscsl.esy.es/public_html/timetable/api/departures.php:54
Stack trace:
#0 {main}
  thrown in /home/u695435470/domains/atiscsl.esy.es/public_html/timetable/api/departures.php on line 54
[12-Nov-2025 21:52:54 UTC] PHP Warning:  require_once(/home/u695435470/domains/atiscsl.esy.es/public_html/mmtj_fog_unzip/lib/metar_multi.php): Failed to open stream: No such file or directory in /home/u695435470/domains/atiscsl.esy.es/public_html/timetable/api/departures.php on line 54
[12-Nov-2025 21:52:54 UTC] PHP Fatal error:  Uncaught Error: Failed opening required '/home/u695435470/domains/atiscsl.esy.es/public_html/mmtj_fog_unzip/lib/metar_multi.php' (include_path='.:/opt/alt/php84/usr/share/pear:/opt/alt/php84/usr/share/php:/usr/share/pear:/usr/share/php') in /home/u695435470/domains/atiscsl.esy.es/public_html/timetable/api/departures.php:54
Stack trace:
#0 {main}
  thrown in /home/u695435470/domains/atiscsl.esy.es/public_html/timetable/api/departures.php on line 54
[12-Nov-2025 22:03:14 UTC] PHP Warning:  require_once(/home/u695435470/domains/atiscsl.esy.es/public_html/mmtj_fog_unzip/lib/metar_multi.php): Failed to open stream: No such file or directory in /home/u695435470/domains/atiscsl.esy.es/public_html/timetable/api/departures.php on line 54
[12-Nov-2025 22:03:14 UTC] PHP Fatal error:  Uncaught Error: Failed opening required '/home/u695435470/domains/atiscsl.esy.es/public_html/mmtj_fog_unzip/lib/metar_multi.php' (include_path='.:/opt/alt/php84/usr/share/pear:/opt/alt/php84/usr/share/php:/usr/share/pear:/usr/share/php') in /home/u695435470/domains/atiscsl.esy.es/public_html/timetable/api/departures.php:54
Stack trace:
#0 {main}
  thrown in /home/u695435470/domains/atiscsl.esy.es/public_html/timetable/api/departures.php on line 54
[13-Nov-2025 06:09:41 UTC] PHP Warning:  require_once(/home/u695435470/domains/atiscsl.esy.es/public_html/mmtj_fog_unzip/lib/metar_multi.php): Failed to open stream: No such file or directory in /home/u695435470/domains/atiscsl.esy.es/public_html/timetable/api/departures.php on line 54
[13-Nov-2025 06:09:41 UTC] PHP Fatal error:  Uncaught Error: Failed opening required '/home/u695435470/domains/atiscsl.esy.es/public_html/mmtj_fog_unzip/lib/metar_multi.php' (include_path='.:/opt/alt/php84/usr/share/pear:/opt/alt/php84/usr/share/php:/usr/share/pear:/usr/share/php') in /home/u695435470/domains/atiscsl.esy.es/public_html/timetable/api/departures.php:54
Stack trace:
#0 {main}
  thrown in /home/u695435470/domains/atiscsl.esy.es/public_html/timetable/api/departures.php on line 54
